2025-09-08 17:02:35 - [32minfo[39m : [32mAplicação rodando em 8080[39m
2025-09-08 17:02:53 - [32minfo[39m : [32mAplicação rodando em 8080[39m
2025-09-08 17:03:31 - [32minfo[39m : [32mAplicação rodando em 8080[39m
2025-09-08 17:04:38 - [32minfo[39m : [32mBanco de dados conectado[39m
2025-09-08 17:04:38 - [32minfo[39m : [32mAplicação rodando em 8080[39m
2025-09-08 17:04:43 - [31merror[39m : [31mNão foi possivel conectar ao banco de dados[39m
2025-09-08 17:04:43 - [31merror[39m : [31mError: MongoServerError: bad auth : authentication failed[39m
2025-09-08 17:04:43 - [32minfo[39m : [32mAplicação rodando em 8080[39m
2025-09-08 17:04:56 - [32minfo[39m : [32mBanco de dados conectado[39m
2025-09-08 17:04:56 - [32minfo[39m : [32mAplicação rodando em 8080[39m
2025-09-08 17:05:21 - [32minfo[39m : [32mBanco de dados conectado[39m
2025-09-08 17:05:21 - [32minfo[39m : [32mAplicação rodando em 8080[39m
2025-09-08 17:12:34 - [32minfo[39m : [32mBanco de dados conectado[39m
2025-09-08 17:12:34 - [32minfo[39m : [32mAplicação rodando em 8080[39m
2025-09-08 17:12:59 - [32minfo[39m : [32mBanco de dados conectado[39m
2025-09-08 17:12:59 - [32minfo[39m : [32mAplicação rodando em 8080[39m
2025-09-08 17:13:05 - [32minfo[39m : [32mBanco de dados conectado[39m
2025-09-08 17:13:05 - [32minfo[39m : [32mAplicação rodando em 8080[39m
2025-09-08 17:13:17 - [32minfo[39m : [32mBanco de dados conectado[39m
2025-09-08 17:13:17 - [32minfo[39m : [32mAplicação rodando em 8080[39m
2025-09-08 17:14:40 - [32minfo[39m : [32mBanco de dados conectado[39m
2025-09-08 17:14:40 - [32minfo[39m : [32mAplicação rodando em 8080[39m
2025-09-08 17:14:44 - [35mhttp[39m : [35mGET /api/test 200 15 - 9.722 ms[39m
[35m[39m
2025-09-08 17:24:40 - [32minfo[39m : [32mBanco de dados conectado[39m
2025-09-08 17:24:40 - [32minfo[39m : [32mAplicação rodando em 8080[39m
2025-09-08 17:24:50 - [32minfo[39m : [32mBanco de dados conectado[39m
2025-09-08 17:24:50 - [32minfo[39m : [32mAplicação rodando em 8080[39m
2025-09-08 17:24:53 - [35mhttp[39m : [35mGET /api/test 200 15 - 13.040 ms[39m
[35m[39m
2025-09-08 17:26:29 - [35mhttp[39m : [35mGET /api/movie 404 148 - 6.369 ms[39m
[35m[39m
2025-09-08 17:26:46 - [35mhttp[39m : [35mGET /api//movie 404 149 - 2.451 ms[39m
[35m[39m
2025-09-08 17:27:11 - [35mhttp[39m : [35mGET /api/movie 404 148 - 1.360 ms[39m
[35m[39m
2025-09-08 17:27:41 - [32minfo[39m : [32mBanco de dados conectado[39m
2025-09-08 17:27:41 - [32minfo[39m : [32mAplicação rodando em 8080[39m
2025-09-08 17:28:25 - [32minfo[39m : [32mBanco de dados conectado[39m
2025-09-08 17:28:25 - [32minfo[39m : [32mAplicação rodando em 8080[39m
2025-09-08 17:28:32 - [32minfo[39m : [32mBanco de dados conectado[39m
2025-09-08 17:28:32 - [32minfo[39m : [32mAplicação rodando em 8080[39m
2025-09-08 17:28:37 - [32minfo[39m : [32mBanco de dados conectado[39m
2025-09-08 17:28:37 - [32minfo[39m : [32mAplicação rodando em 8080[39m
2025-09-08 17:28:50 - [35mhttp[39m : [35mGET /api/movie 404 148 - 10.412 ms[39m
[35m[39m
2025-09-08 17:31:08 - [35mhttp[39m : [35mPOST /api/movie 200 9 - 36.601 ms[39m
[35m[39m
2025-09-08 17:32:14 - [32minfo[39m : [32mBanco de dados conectado[39m
2025-09-08 17:32:14 - [32minfo[39m : [32mAplicação rodando em 8080[39m
2025-09-08 17:32:43 - [32minfo[39m : [32mBanco de dados conectado[39m
2025-09-08 17:32:43 - [32minfo[39m : [32mAplicação rodando em 8080[39m
2025-09-08 17:32:54 - [32minfo[39m : [32mBanco de dados conectado[39m
2025-09-08 17:32:54 - [32minfo[39m : [32mAplicação rodando em 8080[39m
2025-09-08 17:32:59 - [32minfo[39m : [32mBanco de dados conectado[39m
2025-09-08 17:32:59 - [32minfo[39m : [32mAplicação rodando em 8080[39m
2025-09-08 17:33:22 - [32minfo[39m : [32mBanco de dados conectado[39m
2025-09-08 17:33:22 - [32minfo[39m : [32mAplicação rodando em 8080[39m
2025-09-08 17:33:29 - [32minfo[39m : [32mBanco de dados conectado[39m
2025-09-08 17:33:29 - [32minfo[39m : [32mAplicação rodando em 8080[39m
2025-09-08 17:33:40 - [32minfo[39m : [32mBanco de dados conectado[39m
2025-09-08 17:33:40 - [32minfo[39m : [32mAplicação rodando em 8080[39m
2025-09-08 17:33:53 - [32minfo[39m : [32mBanco de dados conectado[39m
2025-09-08 17:33:53 - [32minfo[39m : [32mAplicação rodando em 8080[39m
2025-09-08 17:34:00 - [32minfo[39m : [32mBanco de dados conectado[39m
2025-09-08 17:34:00 - [32minfo[39m : [32mAplicação rodando em 8080[39m
2025-09-08 17:34:41 - [35mhttp[39m : [35mPOST /api/movie 201 147 - 96.351 ms[39m
[35m[39m
2025-09-08 17:50:19 - [32minfo[39m : [32mBanco de dados conectado[39m
2025-09-08 17:50:19 - [32minfo[39m : [32mAplicação rodando em 8080[39m
2025-09-08 17:50:23 - [32minfo[39m : [32mBanco de dados conectado[39m
2025-09-08 17:50:23 - [32minfo[39m : [32mAplicação rodando em 8080[39m
2025-09-08 17:50:48 - [32minfo[39m : [32mBanco de dados conectado[39m
2025-09-08 17:50:48 - [32minfo[39m : [32mAplicação rodando em 8080[39m
2025-09-09 14:07:52 - [32minfo[39m : [32mBanco de dados conectado[39m
2025-09-09 14:07:52 - [32minfo[39m : [32mAplicação rodando em 8080[39m
2025-09-09 14:11:33 - [32minfo[39m : [32mBanco de dados conectado[39m
2025-09-09 14:11:33 - [32minfo[39m : [32mAplicação rodando em 8080[39m
2025-09-09 14:12:55 - [35mhttp[39m : [35mPOST /api/movie 201 142 - 369.530 ms[39m
[35m[39m
2025-09-09 14:14:12 - [35mhttp[39m : [35mPOST /api/movie 422 48 - 22.056 ms[39m
[35m[39m
2025-09-09 14:15:17 - [32minfo[39m : [32mBanco de dados conectado[39m
2025-09-09 14:15:17 - [32minfo[39m : [32mAplicação rodando em 8080[39m
2025-09-09 14:16:46 - [32minfo[39m : [32mBanco de dados conectado[39m
2025-09-09 14:16:46 - [32minfo[39m : [32mAplicação rodando em 8080[39m
2025-09-09 14:17:30 - [32minfo[39m : [32mBanco de dados conectado[39m
2025-09-09 14:17:30 - [32minfo[39m : [32mAplicação rodando em 8080[39m
2025-09-09 14:18:38 - [32minfo[39m : [32mBanco de dados conectado[39m
2025-09-09 14:18:39 - [32minfo[39m : [32mAplicação rodando em 8080[39m
2025-09-09 14:19:34 - [32minfo[39m : [32mBanco de dados conectado[39m
2025-09-09 14:19:34 - [32minfo[39m : [32mAplicação rodando em 8080[39m
2025-09-09 14:19:54 - [32minfo[39m : [32mBanco de dados conectado[39m
2025-09-09 14:19:54 - [32minfo[39m : [32mAplicação rodando em 8080[39m
2025-09-09 14:20:26 - [32minfo[39m : [32mBanco de dados conectado[39m
2025-09-09 14:20:26 - [32minfo[39m : [32mAplicação rodando em 8080[39m
2025-09-09 14:21:11 - [32minfo[39m : [32mBanco de dados conectado[39m
2025-09-09 14:21:11 - [32minfo[39m : [32mAplicação rodando em 8080[39m
2025-09-09 14:21:40 - [32minfo[39m : [32mBanco de dados conectado[39m
2025-09-09 14:21:40 - [32minfo[39m : [32mAplicação rodando em 8080[39m
2025-09-09 14:23:50 - [32minfo[39m : [32mBanco de dados conectado[39m
2025-09-09 14:23:50 - [32minfo[39m : [32mAplicação rodando em 8080[39m
2025-09-09 14:24:10 - [32minfo[39m : [32mBanco de dados conectado[39m
2025-09-09 14:24:10 - [32minfo[39m : [32mAplicação rodando em 8080[39m
2025-09-09 14:24:25 - [32minfo[39m : [32mBanco de dados conectado[39m
2025-09-09 14:24:25 - [32minfo[39m : [32mAplicação rodando em 8080[39m
2025-09-09 14:25:15 - [32minfo[39m : [32mBanco de dados conectado[39m
2025-09-09 14:25:15 - [32minfo[39m : [32mAplicação rodando em 8080[39m
2025-09-09 14:25:23 - [32minfo[39m : [32mBanco de dados conectado[39m
2025-09-09 14:25:32 - [32minfo[39m : [32mBanco de dados conectado[39m
2025-09-09 14:25:32 - [32minfo[39m : [32mAplicação rodando em 8080[39m
2025-09-09 14:25:56 - [32minfo[39m : [32mBanco de dados conectado[39m
2025-09-09 14:25:56 - [32minfo[39m : [32mAplicação rodando em 8080[39m
2025-09-09 14:26:05 - [32minfo[39m : [32mBanco de dados conectado[39m
2025-09-09 14:26:05 - [32minfo[39m : [32mAplicação rodando em 8080[39m
2025-09-09 14:26:29 - [32minfo[39m : [32mBanco de dados conectado[39m
2025-09-09 14:26:29 - [32minfo[39m : [32mAplicação rodando em 8080[39m
2025-09-09 14:27:21 - [32minfo[39m : [32mBanco de dados conectado[39m
2025-09-09 14:27:21 - [32minfo[39m : [32mAplicação rodando em 8080[39m
2025-09-09 14:28:25 - [32minfo[39m : [32mBanco de dados conectado[39m
2025-09-09 14:28:25 - [32minfo[39m : [32mAplicação rodando em 8080[39m
2025-09-09 14:29:00 - [32minfo[39m : [32mBanco de dados conectado[39m
2025-09-09 14:29:00 - [32minfo[39m : [32mAplicação rodando em 8080[39m
2025-09-09 14:29:50 - [35mhttp[39m : [35mGET /api//movie/1 404 151 - 8.332 ms[39m
[35m[39m
2025-09-09 14:32:27 - [35mhttp[39m : [35mGET /api//movie/68bf3de15c4ec6ab83725dc8 404 174 - 48.308 ms[39m
[35m[39m
2025-09-09 14:34:32 - [35mhttp[39m : [35mPOST /api/movie 422 54 - 142.406 ms[39m
[35m[39m
2025-09-09 14:35:00 - [35mhttp[39m : [35mPOST /api/movie 422 54 - 7.011 ms[39m
[35m[39m
2025-09-09 14:35:32 - [32minfo[39m : [32mBanco de dados conectado[39m
2025-09-09 14:35:32 - [32minfo[39m : [32mAplicação rodando em 8080[39m
2025-09-09 14:35:37 - [35mhttp[39m : [35mPOST /api/movie 201 402 - 127.592 ms[39m
[35m[39m
2025-09-09 14:37:18 - [35mhttp[39m : [35mGET /api//movie/68c06569b995be33aad9e58d 404 174 - 5.132 ms[39m
[35m[39m
2025-09-09 14:37:27 - [35mhttp[39m : [35mGET /api/movie/68c06569b995be33aad9e58d 200 402 - 61.982 ms[39m
[35m[39m
2025-09-09 14:38:20 - [32minfo[39m : [32mBanco de dados conectado[39m
2025-09-09 14:38:20 - [32minfo[39m : [32mAplicação rodando em 8080[39m
2025-09-09 14:39:21 - [32minfo[39m : [32mBanco de dados conectado[39m
2025-09-09 14:39:21 - [32minfo[39m : [32mAplicação rodando em 8080[39m
2025-09-09 14:40:18 - [32minfo[39m : [32mBanco de dados conectado[39m
2025-09-09 14:40:18 - [32minfo[39m : [32mAplicação rodando em 8080[39m
2025-09-09 14:40:45 - [32minfo[39m : [32mBanco de dados conectado[39m
2025-09-09 14:40:45 - [32minfo[39m : [32mAplicação rodando em 8080[39m
2025-09-09 14:41:08 - [32minfo[39m : [32mBanco de dados conectado[39m
2025-09-09 14:41:08 - [32minfo[39m : [32mAplicação rodando em 8080[39m
2025-09-09 14:41:38 - [35mhttp[39m : [35mGET /api/movie 404 148 - 13.426 ms[39m
[35m[39m
2025-09-09 14:41:43 - [35mhttp[39m : [35mGET /api/movies 200 695 - 213.404 ms[39m
[35m[39m
2025-09-09 14:43:05 - [32minfo[39m : [32mBanco de dados conectado[39m
2025-09-09 14:43:05 - [32minfo[39m : [32mAplicação rodando em 8080[39m
2025-09-09 14:43:15 - [32minfo[39m : [32mBanco de dados conectado[39m
2025-09-09 14:43:15 - [32minfo[39m : [32mAplicação rodando em 8080[39m
2025-09-09 14:43:30 - [32minfo[39m : [32mBanco de dados conectado[39m
2025-09-09 14:43:30 - [32minfo[39m : [32mAplicação rodando em 8080[39m
2025-09-09 14:44:07 - [32minfo[39m : [32mBanco de dados conectado[39m
2025-09-09 14:44:07 - [32minfo[39m : [32mAplicação rodando em 8080[39m
2025-09-09 14:44:19 - [32minfo[39m : [32mBanco de dados conectado[39m
2025-09-09 14:44:19 - [32minfo[39m : [32mAplicação rodando em 8080[39m
2025-09-09 14:44:52 - [32minfo[39m : [32mBanco de dados conectado[39m
2025-09-09 14:44:52 - [32minfo[39m : [32mAplicação rodando em 8080[39m
2025-09-09 14:45:03 - [32minfo[39m : [32mBanco de dados conectado[39m
2025-09-09 14:45:03 - [32minfo[39m : [32mAplicação rodando em 8080[39m
2025-09-09 14:45:48 - [32minfo[39m : [32mBanco de dados conectado[39m
2025-09-09 14:45:48 - [32minfo[39m : [32mAplicação rodando em 8080[39m
2025-09-09 14:47:00 - [35mhttp[39m : [35mDELETE /api/movies/1 404 154 - 10.575 ms[39m
[35m[39m
2025-09-09 14:47:17 - [31merror[39m : [31mErro no sistema: Cast to ObjectId failed for value "1" (type string) at path "_id" for model "Movie"[39m
2025-09-09 14:47:17 - [35mhttp[39m : [35mDELETE /api/movie/1 500 37 - 17.693 ms[39m
[35m[39m
2025-09-09 14:48:15 - [31merror[39m : [31mErro no sistema: Cast to ObjectId failed for value "1" (type string) at path "_id" for model "Movie"[39m
2025-09-09 14:48:15 - [35mhttp[39m : [35mDELETE /api/movie/1 500 37 - 3.115 ms[39m
[35m[39m
2025-09-09 14:48:46 - [31merror[39m : [31mErro no sistema: Cast to ObjectId failed for value "1" (type string) at path "_id" for model "Movie"[39m
2025-09-09 14:48:46 - [35mhttp[39m : [35mDELETE /api/movie/1 500 37 - 5.450 ms[39m
[35m[39m
2025-09-09 14:49:28 - [35mhttp[39m : [35mGET /api/movies 200 695 - 161.094 ms[39m
[35m[39m
2025-09-09 14:49:50 - [32minfo[39m : [32mBanco de dados conectado[39m
2025-09-09 14:49:50 - [32minfo[39m : [32mAplicação rodando em 8080[39m
2025-09-09 14:50:16 - [32minfo[39m : [32mBanco de dados conectado[39m
2025-09-09 14:50:16 - [32minfo[39m : [32mAplicação rodando em 8080[39m
2025-09-09 14:50:22 - [31merror[39m : [31mErro no sistema: movie.delete is not a function[39m
2025-09-09 14:50:22 - [35mhttp[39m : [35mDELETE /api/movie/68bf3de15c4ec6ab83725dc8 500 37 - 138.337 ms[39m
[35m[39m
2025-09-09 14:51:07 - [32minfo[39m : [32mBanco de dados conectado[39m
2025-09-09 14:51:07 - [32minfo[39m : [32mAplicação rodando em 8080[39m
2025-09-09 14:52:15 - [32minfo[39m : [32mBanco de dados conectado[39m
2025-09-09 14:52:15 - [32minfo[39m : [32mAplicação rodando em 8080[39m
2025-09-09 14:52:17 - [35mhttp[39m : [35mDELETE /api/movie/68bf3de15c4ec6ab83725dc8 200 26 - 85.917 ms[39m
[35m[39m
2025-09-09 14:52:20 - [35mhttp[39m : [35mDELETE /api/movie/68bf3de15c4ec6ab83725dc8 404 32 - 23.413 ms[39m
[35m[39m
2025-09-09 14:52:43 - [32minfo[39m : [32mBanco de dados conectado[39m
2025-09-09 14:52:44 - [32minfo[39m : [32mAplicação rodando em 8080[39m
2025-09-09 14:53:13 - [32minfo[39m : [32mBanco de dados conectado[39m
2025-09-09 14:53:13 - [32minfo[39m : [32mAplicação rodando em 8080[39m
2025-09-09 14:53:25 - [32minfo[39m : [32mBanco de dados conectado[39m
2025-09-09 14:53:25 - [32minfo[39m : [32mAplicação rodando em 8080[39m
2025-09-09 14:53:31 - [32minfo[39m : [32mBanco de dados conectado[39m
2025-09-09 14:53:31 - [32minfo[39m : [32mAplicação rodando em 8080[39m
2025-09-09 14:53:57 - [32minfo[39m : [32mBanco de dados conectado[39m
2025-09-09 14:53:57 - [32minfo[39m : [32mAplicação rodando em 8080[39m
2025-09-09 14:54:02 - [32minfo[39m : [32mBanco de dados conectado[39m
2025-09-09 14:54:02 - [32minfo[39m : [32mAplicação rodando em 8080[39m
2025-09-09 14:54:20 - [32minfo[39m : [32mBanco de dados conectado[39m
2025-09-09 14:54:20 - [32minfo[39m : [32mAplicação rodando em 8080[39m
2025-09-09 14:55:02 - [32minfo[39m : [32mBanco de dados conectado[39m
2025-09-09 14:55:02 - [32minfo[39m : [32mAplicação rodando em 8080[39m
2025-09-09 14:57:02 - [35mhttp[39m : [35mPATCH /api/movie/68c06017b7d7a5844a089119 - - - - ms[39m
[35m[39m
2025-09-09 14:57:13 - [31merror[39m : [31mErro no sistema: Cast to ObjectId failed for value "68c06017b7d7a5844a08911" (type string) at path "_id" for model "Movie"[39m
2025-09-09 14:57:13 - [35mhttp[39m : [35mPATCH /api/movie/68c06017b7d7a5844a08911 500 37 - 21.772 ms[39m
[35m[39m
2025-09-09 14:57:21 - [35mhttp[39m : [35mPATCH /api/movie/68c06017b7d7a5844a089119 - - - - ms[39m
[35m[39m
2025-09-09 14:57:28 - [31merror[39m : [31mErro no sistema: Cast to ObjectId failed for value "68c06017b7d7a5844a08911" (type string) at path "_id" for model "Movie"[39m
2025-09-09 14:57:28 - [35mhttp[39m : [35mPATCH /api/movie/68c06017b7d7a5844a08911 500 37 - 3.897 ms[39m
[35m[39m
2025-09-09 14:57:47 - [32minfo[39m : [32mBanco de dados conectado[39m
2025-09-09 14:57:47 - [32minfo[39m : [32mAplicação rodando em 8080[39m
2025-09-09 14:58:00 - [32minfo[39m : [32mBanco de dados conectado[39m
2025-09-09 14:58:00 - [32minfo[39m : [32mAplicação rodando em 8080[39m
2025-09-09 14:58:17 - [32minfo[39m : [32mBanco de dados conectado[39m
2025-09-09 14:58:17 - [32minfo[39m : [32mAplicação rodando em 8080[39m
2025-09-09 14:58:30 - [32minfo[39m : [32mBanco de dados conectado[39m
2025-09-09 14:58:30 - [32minfo[39m : [32mAplicação rodando em 8080[39m
2025-09-09 14:58:49 - [32minfo[39m : [32mBanco de dados conectado[39m
2025-09-09 14:58:49 - [32minfo[39m : [32mAplicação rodando em 8080[39m
2025-09-09 14:59:00 - [32minfo[39m : [32mBanco de dados conectado[39m
2025-09-09 14:59:00 - [32minfo[39m : [32mAplicação rodando em 8080[39m
2025-09-09 15:00:29 - [35mhttp[39m : [35mGET /api/movies 200 547 - 85.545 ms[39m
[35m[39m
2025-09-09 15:00:41 - [31merror[39m : [31mErro no sistema: Performing an update on the path '_id' would modify the immutable field '_id'[39m
2025-09-09 15:00:41 - [35mhttp[39m : [35mPATCH /api/movie/68c06569b995be33aad9e58d 500 37 - 75.917 ms[39m
[35m[39m
2025-09-09 15:00:44 - [31merror[39m : [31mErro no sistema: Performing an update on the path '_id' would modify the immutable field '_id'[39m
2025-09-09 15:00:44 - [35mhttp[39m : [35mPATCH /api/movie/68c06569b995be33aad9e58d 500 37 - 51.283 ms[39m
[35m[39m
2025-09-09 15:01:30 - [32minfo[39m : [32mBanco de dados conectado[39m
2025-09-09 15:01:30 - [32minfo[39m : [32mAplicação rodando em 8080[39m
2025-09-09 15:01:35 - [35mhttp[39m : [35mPATCH /api/movie/68c06569b995be33aad9e58d 422 268 - 18.419 ms[39m
[35m[39m
2025-09-09 15:01:54 - [35mhttp[39m : [35mPATCH /api/movie/68c06569b995be33aad9e58d 200 276 - 96.255 ms[39m
[35m[39m
2025-09-09 15:02:09 - [35mhttp[39m : [35mPATCH /api/movie/68c06569b995be33aad9e58d 200 276 - 47.290 ms[39m
[35m[39m
